[1;38;5;99m[0m                                       
[1;38;5;99m  __  __  _____  _____  _____ _       [0m 
[1;38;5;99m |  \/  |/ ____|/ ____|/ ____| |      [0m 
[1;38;5;99m | \  / | (___ | (___ | |  __| |      [0m 
[1;38;5;99m | |\/| |\___ \ \___ \ | | |_ | |      [0m
[1;38;5;99m | |  | |____) |____) | |__| | |____  [0m 
[1;38;5;99m |_|  |_|_____/|_____/ \_____|______| [0m 
[1;38;5;99m  PG-MIGRATE INTERACTIVE SHELL[0m         
[1;38;5;99m[0m                                       
                                       
 Welcome to the migration engine. This tool allows you to
 safely and efficiently move data between SQL Server and 
 PostgreSQL.
 
 Type /help to see available commands.
[38;5;59m[0m                                                        
[38;5;59m Tip: You can resume an interrupted migration with /run.[0m[1;38;5;33m> /run[0m
[1;38;5;203m✖ [0m[38;5;145mRunning migration with config: config.yaml[0m                                                                            
[38;5;145m  Error initializing orchestrator: creating source pool: pinging database: TLS Handshake failed: tls: failed to verify[0m
[38;5;145m  certificate: x509: certificate is not valid for any names, but wanted to match localhost[0m                            
[38;5;145m  [0m                                                                                                                    
[1;38;5;33m> /logs[0m
